<?xml version="1.0" encoding="UTF-8"?>
<testsuite name="gameTest" tests="2" skipped="0" failures="0" errors="0" timestamp="2016-04-22T06:47:57" hostname="Lakis-Air.home" time="0.002">
  <properties/>
  <testcase name="changeVowel_changeOneVowelAtoHyphen_String" classname="gameTest" time="0.002"/>
  <testcase name="changeVowel_changeOneVowelEtoHyphen_String" classname="gameTest" time="0.0"/>
  <system-out><![CDATA[]]></system-out>
  <system-err><![CDATA[]]></system-err>
</testsuite>
