<?xml version="1.0" encoding="UTF-8"?>
<testsuite name="gameTest" tests="9" skipped="0" failures="0" errors="0" timestamp="2016-04-22T21:46:59" hostname="Lakis-Air.home" time="0.017">
  <properties/>
  <testcase name="changeVowel_changeOneVowelUtoHyphen_String" classname="gameTest" time="0.005"/>
  <testcase name="changeVowel_handleUpperCaseVowels_String" classname="gameTest" time="0.0"/>
  <testcase name="changeVowel_changeMultipleVowelstoHyphen_String" classname="gameTest" time="0.0"/>
  <testcase name="checkGuess_compareUserGuessToOriginalPhrase_Boolean" classname="gameTest" time="0.001"/>
  <testcase name="changeVowel_changeOneVowelAtoHyphen_String" classname="gameTest" time="0.001"/>
  <testcase name="changeVowel_changeOneVowelItoHyphen_String" classname="gameTest" time="0.002"/>
  <testcase name="changeVowel_changeOneVowelOtoHyphen_String" classname="gameTest" time="0.001"/>
  <testcase name="changeVowel_handleInputOfSentences_String" classname="gameTest" time="0.001"/>
  <testcase name="changeVowel_changeOneVowelEtoHyphen_String" classname="gameTest" time="0.0"/>
  <system-out><![CDATA[]]></system-out>
  <system-err><![CDATA[]]></system-err>
</testsuite>
